\BOOKMARK [0][-]{section*.2}{\376\377\144\130\000\040\211\201}{}% 1
\BOOKMARK [0][-]{section*.4}{Abstract}{}% 2
\BOOKMARK [0][-]{section*.5}{\376\377\166\356\000\040\137\125}{}% 3
\BOOKMARK [0][-]{section*.7}{\376\377\126\376\137\142\122\027\210\150}{}% 4
\BOOKMARK [0][-]{section*.9}{\376\377\210\150\150\074\122\027\210\150}{}% 5
\BOOKMARK [0][-]{section*.12}{\376\377\173\046\123\367\122\027\210\150}{}% 6
\BOOKMARK [0][-]{chapter.1}{\376\377\173\054\0001\172\340\000\040\000\040\176\352\213\272}{}% 7
\BOOKMARK [1][-]{section.1.1}{\376\377\0001\000.\0001\000\040\170\024\172\166\200\314\146\157\116\016\141\017\116\111}{chapter.1}% 8
\BOOKMARK [2][-]{subsection.1.1.1}{\376\377\0001\000.\0001\000.\0001\000\040\170\024\172\166\200\314\146\157}{section.1.1}% 9
\BOOKMARK [2][-]{subsection.1.1.2}{\376\377\0001\000.\0001\000.\0002\000\040\170\024\172\166\141\017\116\111}{section.1.1}% 10
\BOOKMARK [1][-]{section.1.2}{\376\377\0001\000.\0002\000\040\126\375\121\205\131\026\170\024\172\166\163\260\162\266}{chapter.1}% 11
\BOOKMARK [2][-]{subsection.1.2.1}{\376\377\0001\000.\0002\000.\0001\000\040\000A\000n\000d\000r\000o\000i\000d\217\320\210\114\145\366\116\016\155\367\124\010\177\026\213\321\170\024\172\166}{section.1.2}% 12
\BOOKMARK [2][-]{subsection.1.2.2}{\376\377\0001\000.\0002\000.\0002\000\040\211\343\221\312\126\150\116\016\142\147\210\114\137\025\144\316\117\030\123\026\170\024\172\166}{section.1.2}% 13
\BOOKMARK [2][-]{subsection.1.2.3}{\376\377\0001\000.\0002\000.\0003\000\040\000L\000o\000o\000n\000g\000A\000r\000c\000h\136\163\123\360\000J\000V\000M\116\016\000A\000R\000T\171\373\151\015\170\024\172\166}{section.1.2}% 14
\BOOKMARK [1][-]{section.1.3}{\376\377\0001\000.\0003\000\040\147\054\145\207\170\024\172\166\121\205\133\271\116\016\116\073\211\201\215\041\163\056}{chapter.1}% 15
\BOOKMARK [2][-]{subsection.1.3.1}{\376\377\0001\000.\0003\000.\0001\000\040\170\024\172\166\225\356\230\230}{section.1.3}% 16
\BOOKMARK [2][-]{subsection.1.3.2}{\376\377\0001\000.\0003\000.\0002\000\040\170\024\172\166\121\205\133\271}{section.1.3}% 17
\BOOKMARK [2][-]{subsection.1.3.3}{\376\377\0001\000.\0003\000.\0003\000\040\116\073\211\201\215\041\163\056}{section.1.3}% 18
\BOOKMARK [1][-]{section.1.4}{\376\377\0001\000.\0004\000\040\213\272\145\207\176\304\176\307\176\323\147\204}{chapter.1}% 19
\BOOKMARK [0][-]{chapter.2}{\376\377\173\054\0002\172\340\000\040\000\040\166\370\121\163\142\200\147\057\116\016\225\356\230\230\122\006\147\220}{}% 20
\BOOKMARK [1][-]{section.2.1}{\376\377\0002\000.\0001\000\040\000A\000R\000T\217\320\210\114\145\366\117\123\174\373\176\323\147\204}{chapter.2}% 21
\BOOKMARK [1][-]{section.2.2}{\376\377\0002\000.\0002\000\040\000A\000R\000T\166\204\142\147\210\114\116\016\177\026\213\321\147\072\122\066}{chapter.2}% 22
\BOOKMARK [2][-]{subsection.2.2.1}{\376\377\0002\000.\0002\000.\0001\000\040\000D\000E\000X\133\127\202\202\170\001\116\016\133\304\133\130\126\150\206\132\142\337\147\072}{section.2.2}% 23
\BOOKMARK [2][-]{subsection.2.2.2}{\376\377\0002\000.\0002\000.\0002\000\040\000C\000+\000+\211\343\221\312\126\150\060\001\000N\000t\000e\000r\000p\116\016\211\343\221\312\126\150\117\030\123\026\147\072\122\066}{section.2.2}% 24
\BOOKMARK [2][-]{subsection.2.2.3}{\376\377\0002\000.\0002\000.\0003\000\040\000J\000I\000T\060\001\000A\000O\000T\116\016\122\006\134\102\177\026\213\321\147\072\122\066}{section.2.2}% 25
\BOOKMARK [2][-]{subsection.2.2.4}{\376\377\0002\000.\0002\000.\0004\000\040\000I\000n\000t\000r\000i\000n\000s\000i\000c\116\016\217\320\210\114\145\366\137\353\220\037\215\357\137\204}{section.2.2}% 26
\BOOKMARK [1][-]{section.2.3}{\376\377\0002\000.\0003\000\040\000L\000o\000o\000n\000g\000A\000r\000c\000h\147\266\147\204\162\171\140\047\123\312\121\166\133\371\000A\000R\000T\166\204\137\161\124\315}{chapter.2}% 27
\BOOKMARK [2][-]{subsection.2.3.1}{\376\377\0002\000.\0003\000.\0001\000\040\133\304\133\130\126\150\117\123\174\373\116\016\214\003\165\050\176\246\133\232}{section.2.3}% 28
\BOOKMARK [2][-]{subsection.2.3.2}{\376\377\0002\000.\0003\000.\0002\000\040\143\247\122\066\217\154\171\373\116\016\127\060\127\100\213\241\173\227\162\171\160\271}{section.2.3}% 29
\BOOKMARK [2][-]{subsection.2.3.3}{\376\377\0002\000.\0003\000.\0003\000\040\121\205\133\130\213\277\225\356\060\001\123\237\133\120\144\315\117\134\116\016\124\014\153\145\213\355\116\111}{section.2.3}% 30
\BOOKMARK [1][-]{section.2.4}{\376\377\0002\000.\0004\000\040\140\047\200\375\213\304\155\113\116\016\117\030\123\026\225\356\230\230\122\006\147\220}{chapter.2}% 31
\BOOKMARK [2][-]{subsection.2.4.1}{\376\377\0002\000.\0004\000.\0001\000\040\176\317\121\170\000J\000V\000M\000\040\000b\000e\000n\000c\000h\000m\000a\000r\000k\166\204\116\343\210\150\140\047}{section.2.4}% 32
\BOOKMARK [2][-]{subsection.2.4.2}{\376\377\0002\000.\0004\000.\0002\000\040\000W\000a\000r\000m\000u\000p\060\001\154\342\122\250\116\016\176\337\213\241\116\045\214\050\140\047}{section.2.4}% 33
\BOOKMARK [2][-]{subsection.2.4.3}{\376\377\0002\000.\0004\000.\0003\000\040\117\116\142\160\122\250\123\357\211\302\155\113\140\047\227\000\154\102}{section.2.4}% 34
\BOOKMARK [1][-]{section.2.5}{\376\377\0002\000.\0005\000\040\000A\000O\000S\000P\000\040\0001\0005\000\040\000A\000R\000T\171\373\151\015\166\204\121\163\225\056\142\200\147\057\226\276\160\271}{chapter.2}% 35
\BOOKMARK [2][-]{subsection.2.5.1}{\376\377\0002\000.\0005\000.\0001\000\040\142\147\210\114\137\025\144\316\220\002\221\115\203\003\126\364\136\177\116\024\200\046\124\010\175\047\133\306}{section.2.5}% 36
\BOOKMARK [2][-]{subsection.2.5.2}{\376\377\0002\000.\0005\000.\0002\000\040\153\143\170\156\140\047\232\214\213\301\116\016\140\047\200\375\170\024\172\166\137\305\230\173\136\166\210\114\200\003\206\121}{section.2.5}% 37
\BOOKMARK [2][-]{subsection.2.5.3}{\376\377\0002\000.\0005\000.\0003\000\040\145\260\162\110\147\054\000A\000R\000T\166\204\131\015\147\102\140\047\116\016\123\206\123\362\123\357\153\324\140\047\225\356\230\230}{section.2.5}% 38
\BOOKMARK [1][-]{section.2.6}{\376\377\0002\000.\0006\000\040\147\054\172\340\134\017\176\323}{chapter.2}% 39
\BOOKMARK [0][-]{chapter.3}{\376\377\173\054\0003\172\340\000\040\000\040\000L\000o\000o\000n\000g\000A\000r\000c\000h\136\163\123\360\000A\000R\000T\142\147\210\114\137\025\144\316\166\204\220\002\221\115\213\276\213\241\116\016\133\236\163\260}{}% 40
\BOOKMARK [1][-]{section.3.1}{\376\377\0003\000.\0001\000\040\140\073\117\123\213\276\213\241\166\356\150\007\116\016\133\236\163\260\173\126\165\145}{chapter.3}% 41
\BOOKMARK [1][-]{section.3.2}{\376\377\0003\000.\0002\000\040\154\107\177\026\126\150\116\016\127\372\170\100\116\343\170\001\165\037\142\020\145\057\143\001}{chapter.3}% 42
\BOOKMARK [2][-]{subsection.3.2.1}{\376\377\0003\000.\0002\000.\0001\000\040\000L\000o\000o\000n\000g\000A\000r\000c\000h\0006\0004\154\107\177\026\126\150\133\236\163\260}{section.3.2}% 43
\BOOKMARK [2][-]{subsection.3.2.2}{\376\377\0003\000.\0002\000.\0002\000\040\122\006\145\057\060\001\133\127\227\142\221\317\116\016\224\376\143\245\117\356\210\145\147\072\122\066}{section.3.2}% 44
\BOOKMARK [1][-]{section.3.3}{\376\377\0003\000.\0003\000\040\211\343\221\312\126\150\220\002\221\115}{chapter.3}% 45
\BOOKMARK [2][-]{subsection.3.3.1}{\376\377\0003\000.\0003\000.\0001\000\040\000C\000+\000+\211\343\221\312\126\150\220\002\221\115}{section.3.3}% 46
\BOOKMARK [2][-]{subsection.3.3.2}{\376\377\0003\000.\0003\000.\0002\000\040\000N\000t\000e\000r\000p\150\106\147\266\136\372\172\313}{section.3.3}% 47
\BOOKMARK [2][-]{subsection.3.3.3}{\376\377\0003\000.\0003\000.\0003\000\040\000N\000t\000e\000r\000p\143\007\116\344\210\145\237\120\116\016\225\356\230\230\117\356\131\015}{section.3.3}% 48
\BOOKMARK [1][-]{section.3.4}{\376\377\0003\000.\0004\000\040\000J\000I\000T\177\026\213\321\126\150\124\016\172\357\220\002\221\115}{chapter.3}% 49
\BOOKMARK [2][-]{subsection.3.4.1}{\376\377\0003\000.\0004\000.\0001\000\040\000L\000o\000o\000n\000g\000A\000r\000c\000h\0006\0004\116\343\170\001\165\037\142\020\126\150\133\236\163\260}{section.3.4}% 50
\BOOKMARK [2][-]{subsection.3.4.2}{\376\377\0003\000.\0004\000.\0002\000\040\150\070\137\303\000H\000I\000R\202\202\160\271\145\057\143\001}{section.3.4}% 51
\BOOKMARK [2][-]{subsection.3.4.3}{\376\377\0003\000.\0004\000.\0003\000\040\000O\000S\000R\116\016\217\320\210\114\145\366\123\117\124\014\145\057\143\001}{section.3.4}% 52
\BOOKMARK [1][-]{section.3.5}{\376\377\0003\000.\0005\000\040\000J\000N\000I\177\026\213\321\126\150\116\016\217\320\210\114\145\366\137\353\220\037\215\357\137\204\133\236\163\260}{chapter.3}% 53
\BOOKMARK [2][-]{subsection.3.5.1}{\376\377\0003\000.\0005\000.\0001\000\040\000J\000N\000I\214\003\165\050\150\145\143\245\133\236\163\260}{section.3.5}% 54
\BOOKMARK [2][-]{subsection.3.5.2}{\376\377\0003\000.\0005\000.\0002\000\040\217\320\210\114\145\366\121\145\123\343\160\271\116\016\137\353\220\037\215\357\137\204\210\145\237\120}{section.3.5}% 55
\BOOKMARK [1][-]{section.3.6}{\376\377\0003\000.\0006\000\040\000I\000n\000t\000r\000i\000n\000s\000i\000c\116\016\142\147\210\114\137\025\144\316\200\375\122\233\142\151\134\125}{chapter.3}% 56
\BOOKMARK [1][-]{section.3.7}{\376\377\0003\000.\0007\000\040\226\066\153\265\140\047\176\323\147\234\122\006\147\220}{chapter.3}% 57
\BOOKMARK [1][-]{section.3.8}{\376\377\0003\000.\0008\000\040\147\054\172\340\134\017\176\323}{chapter.3}% 58
\BOOKMARK [0][-]{chapter.4}{\376\377\173\054\0004\172\340\000\040\000\040\174\373\176\337\232\214\213\301\145\271\154\325\116\016\133\236\232\214\136\163\123\360}{}% 59
\BOOKMARK [1][-]{section.4.1}{\376\377\0004\000.\0001\000\040\133\236\232\214\163\257\130\203\116\016\217\157\170\154\116\366\136\163\123\360}{chapter.4}% 60
\BOOKMARK [1][-]{section.4.2}{\376\377\0004\000.\0002\000\040\177\026\213\321\060\001\220\350\177\162\116\016\155\113\213\325\155\101\172\013}{chapter.4}% 61
\BOOKMARK [2][-]{subsection.4.2.1}{\376\377\0004\000.\0002\000.\0001\000\040\177\026\213\321\155\101\172\013}{section.4.2}% 62
\BOOKMARK [2][-]{subsection.4.2.2}{\376\377\0004\000.\0002\000.\0002\000\040\220\350\177\162\155\101\172\013}{section.4.2}% 63
\BOOKMARK [2][-]{subsection.4.2.3}{\376\377\0004\000.\0002\000.\0003\000\040\232\214\213\301\224\376\215\357\176\304\176\307\145\271\137\017}{section.4.2}% 64
\BOOKMARK [1][-]{section.4.3}{\376\377\0004\000.\0003\000\040\153\143\170\156\140\047\232\214\213\301\145\271\154\325}{chapter.4}% 65
\BOOKMARK [2][-]{subsection.4.3.1}{\376\377\0004\000.\0003\000.\0001\000\040\000H\000o\000s\000t\117\247\155\113\213\325}{section.4.3}% 66
\BOOKMARK [2][-]{subsection.4.3.2}{\376\377\0004\000.\0003\000.\0002\000\040\000T\000a\000r\000g\000e\000t\117\247\000r\000u\000n\000-\000t\000e\000s\000t\232\214\213\301}{section.4.3}% 67
\BOOKMARK [2][-]{subsection.4.3.3}{\376\377\0004\000.\0003\000.\0003\000\040\000l\000i\000b\000c\000o\000r\000e\155\113\213\325}{section.4.3}% 68
\BOOKMARK [2][-]{subsection.4.3.4}{\376\377\0004\000.\0003\000.\0004\000\040\135\356\122\006\155\113\213\325\116\016\217\205\122\251\214\003\213\325\145\271\154\325}{section.4.3}% 69
\BOOKMARK [1][-]{section.4.4}{\376\377\0004\000.\0004\000\040\000b\000e\000n\000c\000h\000m\000a\000r\000k\213\276\213\241\116\016\153\143\137\017\000b\000a\000s\000e\000l\000i\000n\000e\136\372\172\313}{chapter.4}% 70
\BOOKMARK [2][-]{subsection.4.4.1}{\376\377\0004\000.\0004\000.\0001\000\040\000b\000e\000n\000c\000h\000m\000a\000r\000k\220\011\142\351\123\237\122\031}{section.4.4}% 71
\BOOKMARK [2][-]{subsection.4.4.2}{\376\377\0004\000.\0004\000.\0002\000\040\153\143\137\017\000b\000a\000s\000e\000l\000i\000n\000e\123\343\137\204}{section.4.4}% 72
\BOOKMARK [2][-]{subsection.4.4.3}{\376\377\0004\000.\0004\000.\0003\000\040\140\047\200\375\145\160\143\156\221\307\226\306\145\271\137\017}{section.4.4}% 73
\BOOKMARK [1][-]{section.4.5}{\376\377\0004\000.\0005\000\040\147\011\145\110\140\047\132\001\200\301\116\016\133\236\232\214\143\247\122\066}{chapter.4}% 74
\BOOKMARK [1][-]{section.4.6}{\376\377\0004\000.\0006\000\040\232\214\213\301\176\323\147\234\154\107\140\073}{chapter.4}% 75
\BOOKMARK [2][-]{subsection.4.6.1}{\376\377\0004\000.\0006\000.\0001\000\040\171\373\151\015\226\066\153\265\232\214\213\301\176\323\147\234}{section.4.6}% 76
\BOOKMARK [2][-]{subsection.4.6.2}{\376\377\0004\000.\0006\000.\0002\000\040\117\030\123\026\226\066\153\265\232\214\213\301\211\201\154\102}{section.4.6}% 77
\BOOKMARK [1][-]{section.4.7}{\376\377\0004\000.\0007\000\040\147\054\172\340\134\017\176\323}{chapter.4}% 78
\BOOKMARK [0][-]{chapter.5}{\376\377\173\054\0005\172\340\000\040\000\040\227\142\124\021\000L\000o\000o\000n\000g\000A\000r\000c\000h\136\163\123\360\000A\000R\000T\166\204\140\047\200\375\117\030\123\026\170\024\172\166}{}% 79
\BOOKMARK [1][-]{section.5.1}{\376\377\0005\000.\0001\000\040\117\030\123\026\166\356\150\007\116\016\122\006\147\220\145\271\154\325}{chapter.5}% 80
\BOOKMARK [1][-]{section.5.2}{\376\377\0005\000.\0002\000\040\127\372\176\277\135\345\117\134\215\037\217\175\162\171\137\201\122\006\147\220}{chapter.5}% 81
\BOOKMARK [2][-]{subsection.5.2.1}{\376\377\0005\000.\0002\000.\0001\000\040\000D\000a\000C\000a\000p\000o\000\040\000p\000m\000d\162\171\137\201}{section.5.2}% 82
\BOOKMARK [2][-]{subsection.5.2.2}{\376\377\0005\000.\0002\000.\0002\000\040\000S\000P\000E\000C\000j\000v\000m\0002\0000\0000\0008\000\040\000m\000p\000e\000g\000a\000u\000d\000i\000o\162\171\137\201}{section.5.2}% 83
\BOOKMARK [1][-]{section.5.3}{\376\377\0005\000.\0003\000\040\145\271\150\110\116\000\377\032\000J\000I\000T\122\006\134\102\160\355\136\246\226\010\120\074\214\003\145\164\145\271\150\110}{chapter.5}% 84
\BOOKMARK [2][-]{subsection.5.3.1}{\376\377\0005\000.\0003\000.\0001\000\040\225\356\230\230\200\314\146\157\116\016\213\276\213\241\140\035\215\357}{section.5.3}% 85
\BOOKMARK [2][-]{subsection.5.3.2}{\376\377\0005\000.\0003\000.\0002\000\040\133\236\163\260\145\271\154\325}{section.5.3}% 86
\BOOKMARK [2][-]{subsection.5.3.3}{\376\377\0005\000.\0003\000.\0003\000\040\133\236\232\214\176\323\147\234\116\016\122\006\147\220}{section.5.3}% 87
\BOOKMARK [1][-]{section.5.4}{\376\377\0005\000.\0004\000\040\145\271\150\110\116\214\377\032\217\320\210\114\145\366\133\127\173\046\116\062\144\054\217\320\142\171\221\317\123\026\145\271\150\110}{chapter.5}% 88
\BOOKMARK [2][-]{subsection.5.4.1}{\376\377\0005\000.\0004\000.\0001\000\040\225\356\230\230\200\314\146\157\116\016\213\276\213\241\140\035\215\357}{section.5.4}% 89
\BOOKMARK [2][-]{subsection.5.4.2}{\376\377\0005\000.\0004\000.\0002\000\040\133\236\163\260\145\271\154\325}{section.5.4}% 90
\BOOKMARK [2][-]{subsection.5.4.3}{\376\377\0005\000.\0004\000.\0003\000\040\133\236\232\214\176\323\147\234\116\016\122\006\147\220}{section.5.4}% 91
\BOOKMARK [1][-]{section.5.5}{\376\377\0005\000.\0005\000\040\145\271\150\110\116\011\377\032\000L\000o\000o\000n\000g\000A\000r\000c\000h\0006\0004\000\040\000L\000S\000X\155\156\160\271\000S\000I\000M\000D\124\021\221\317\123\026\145\271\150\110}{chapter.5}% 92
\BOOKMARK [2][-]{subsection.5.5.1}{\376\377\0005\000.\0005\000.\0001\000\040\225\356\230\230\200\314\146\157\116\016\213\276\213\241\140\035\215\357}{section.5.5}% 93
\BOOKMARK [2][-]{subsection.5.5.2}{\376\377\0005\000.\0005\000.\0002\000\040\133\236\163\260\145\271\154\325}{section.5.5}% 94
\BOOKMARK [2][-]{subsection.5.5.3}{\376\377\0005\000.\0005\000.\0003\000\040\133\236\232\214\176\323\147\234\116\016\122\006\147\220}{section.5.5}% 95
\BOOKMARK [2][-]{subsection.5.5.4}{\376\377\0005\000.\0005\000.\0004\000\040\133\214\145\164\000S\000I\000M\000D\211\206\166\326\162\110\166\204\124\016\176\355\155\210\207\215}{section.5.5}% 96
\BOOKMARK [1][-]{section.5.6}{\376\377\0005\000.\0006\000\040\000I\000n\000t\000r\000i\000n\000s\000i\000c\147\072\122\066\166\204\210\145\121\105\232\214\213\301}{chapter.5}% 97
\BOOKMARK [1][-]{section.5.7}{\376\377\0005\000.\0007\000\040\116\011\230\171\153\143\137\017\145\271\150\110\166\204\176\337\116\000\133\371\153\324\116\016\221\315\131\015\155\113\221\317\232\214\213\301}{chapter.5}% 98
\BOOKMARK [2][-]{subsection.5.7.1}{\376\377\0005\000.\0007\000.\0001\000\040\124\014\145\345\153\143\137\017\123\125\153\041\176\323\147\234\140\073\211\310}{section.5.7}% 99
\BOOKMARK [2][-]{subsection.5.7.2}{\376\377\0005\000.\0007\000.\0002\000\040\124\014\145\345\221\315\131\015\155\113\221\317\232\214\213\301}{section.5.7}% 100
\BOOKMARK [2][-]{subsection.5.7.3}{\376\377\0005\000.\0007\000.\0003\000\040\116\011\230\171\145\271\150\110\166\204\123\340\122\240\136\166\116\015\131\051\161\066\142\020\172\313}{section.5.7}% 101
\BOOKMARK [1][-]{section.5.8}{\376\377\0005\000.\0008\000\040\131\061\215\045\145\271\150\110\133\371\161\147\122\006\147\220}{chapter.5}% 102
\BOOKMARK [2][-]{subsection.5.8.1}{\376\377\0005\000.\0008\000.\0001\000\040\211\343\221\312\126\150\116\016\000J\000I\000T\160\355\215\357\137\204\174\173\131\061\215\045\145\271\150\110}{section.5.8}% 103
\BOOKMARK [2][-]{subsection.5.8.2}{\376\377\0005\000.\0008\000.\0002\000\040\217\320\210\114\145\366\137\256\117\030\123\026\174\173\131\061\215\045\145\271\150\110}{section.5.8}% 104
\BOOKMARK [2][-]{subsection.5.8.3}{\376\377\0005\000.\0008\000.\0003\000\040\131\061\215\045\145\271\150\110\166\204\121\161\140\047\123\237\126\340}{section.5.8}% 105
\BOOKMARK [1][-]{section.5.9}{\376\377\0005\000.\0009\000\040\153\143\145\066\166\312\145\271\150\110\116\016\131\061\215\045\145\271\150\110\166\204\133\371\153\324\140\073\176\323}{chapter.5}% 106
\BOOKMARK [2][-]{subsection.5.9.1}{\376\377\0005\000.\0009\000.\0001\000\040\123\357\225\350\143\247\166\204\134\100\220\350\214\003\145\164\116\016\147\000\134\017\200\375\122\233\210\145\237\120\146\364\146\023\121\121\163\260\145\066\166\312}{section.5.9}% 107
\BOOKMARK [2][-]{subsection.5.9.2}{\376\377\0005\000.\0009\000.\0002\000\040\116\015\124\014\000w\000o\000r\000k\000l\000o\000a\000d\166\204\145\066\166\312\217\271\165\114}{section.5.9}% 108
\BOOKMARK [2][-]{subsection.5.9.3}{\376\377\0005\000.\0009\000.\0003\000\040\227\142\124\021\000A\000R\000T\142\147\210\114\137\025\144\316\166\204\117\030\123\026\145\271\154\325\213\272}{section.5.9}% 109
\BOOKMARK [1][-]{section.5.10}{\376\377\0005\000.\0001\0000\000\040\147\054\172\340\134\017\176\323}{chapter.5}% 110
\BOOKMARK [0][-]{chapter.6}{\376\377\173\054\0006\172\340\000\040\000\040\140\073\176\323\116\016\134\125\147\033}{}% 111
\BOOKMARK [1][-]{section.6.1}{\376\377\0006\000.\0001\000\040\147\054\145\207\135\345\117\134\140\073\176\323}{chapter.6}% 112
\BOOKMARK [1][-]{section.6.2}{\376\377\0006\000.\0002\000\040\116\073\211\201\135\345\117\134\116\016\215\041\163\056\121\335\176\303}{chapter.6}% 113
\BOOKMARK [2][-]{subsection.6.2.1}{\376\377\0006\000.\0002\000.\0001\000\040\133\214\142\020\000L\000o\000o\000n\000g\000A\000r\000c\000h\136\163\123\360\000A\000R\000T\142\147\210\114\137\025\144\316\220\002\221\115}{section.6.2}% 114
\BOOKMARK [2][-]{subsection.6.2.2}{\376\377\0006\000.\0002\000.\0002\000\040\136\372\172\313\174\373\176\337\123\026\232\214\213\301\116\016\133\236\232\214\145\271\154\325}{section.6.2}% 115
\BOOKMARK [2][-]{subsection.6.2.3}{\376\377\0006\000.\0002\000.\0003\000\040\203\267\137\227\227\142\124\021\121\170\127\213\000w\000o\000r\000k\000l\000o\000a\000d\166\204\117\030\123\026\176\323\213\272}{section.6.2}% 116
\BOOKMARK [2][-]{subsection.6.2.4}{\376\377\0006\000.\0002\000.\0004\000\040\137\142\142\020\116\345\131\061\215\045\150\067\147\054\116\072\176\246\147\137\166\204\117\030\123\026\170\024\172\166\145\271\154\325}{section.6.2}% 117
\BOOKMARK [1][-]{section.6.3}{\376\377\0006\000.\0003\000\040\135\345\117\134\134\100\226\120\140\047\122\006\147\220}{chapter.6}% 118
\BOOKMARK [2][-]{subsection.6.3.1}{\376\377\0006\000.\0003\000.\0001\000\040\000b\000e\000n\000c\000h\000m\000a\000r\000k\211\206\166\326\203\003\126\364\116\315\147\011\226\120}{section.6.3}% 119
\BOOKMARK [2][-]{subsection.6.3.2}{\376\377\0006\000.\0003\000.\0002\000\040\220\350\122\006\176\323\213\272\123\327\000d\000e\000b\000u\000g\147\204\136\372\123\343\137\204\176\246\147\137}{section.6.3}% 120
\BOOKMARK [2][-]{subsection.6.3.3}{\376\377\0006\000.\0003\000.\0003\000\040\220\350\122\006\120\031\220\011\145\271\124\021\116\315\227\000\217\333\116\000\153\145\143\242\175\042}{section.6.3}% 121
\BOOKMARK [2][-]{subsection.6.3.4}{\376\377\0006\000.\0003\000.\0004\000\040\126\340\147\234\213\301\143\156\116\315\116\345\131\026\220\350\211\302\155\113\116\072\116\073}{section.6.3}% 122
\BOOKMARK [1][-]{section.6.4}{\376\377\0006\000.\0004\000\040\124\016\176\355\135\345\117\134\134\125\147\033}{chapter.6}% 123
\BOOKMARK [2][-]{subsection.6.4.1}{\376\377\0006\000.\0004\000.\0001\000\040\133\214\125\204\000A\000O\000T\116\016\133\211\210\305\147\037\177\026\213\321\145\057\143\001}{section.6.4}% 124
\BOOKMARK [2][-]{subsection.6.4.2}{\376\377\0006\000.\0004\000.\0002\000\040\143\242\175\042\000L\000o\000o\000n\000g\000A\000r\000c\000h\124\021\221\317\142\151\134\125\117\030\123\026}{section.6.4}% 125
\BOOKMARK [2][-]{subsection.6.4.3}{\376\377\0006\000.\0004\000.\0003\000\040\142\151\134\125\000b\000e\000n\000c\000h\000m\000a\000r\000k\116\016\136\224\165\050\176\247\232\214\213\301}{section.6.4}% 126
\BOOKMARK [2][-]{subsection.6.4.4}{\376\377\0006\000.\0004\000.\0004\000\040\130\236\137\072\117\116\142\160\122\250\211\302\155\113\116\016\217\320\210\114\145\366\126\340\147\234\122\006\147\220}{section.6.4}% 127
\BOOKMARK [1][-]{section.6.5}{\376\377\0006\000.\0005\000\040\147\054\172\340\134\017\176\323}{chapter.6}% 128
\BOOKMARK [0][-]{appendix.A}{\376\377\226\104\137\125\000\040\000A\000\040\000\040\210\145\121\105\133\236\232\214\377\032\000D\000e\000x\000F\000i\000l\000e\000V\000e\000r\000i\000f\000i\000e\000r\226\066\153\265\224\376\133\236\232\214}{}% 129
\BOOKMARK [0][-]{section*.36}{\376\377\123\302\200\003\145\207\163\056}{}% 130
\BOOKMARK [0][-]{appendix*.38}{\376\377\201\364\214\042}{}% 131
\BOOKMARK [0][-]{appendix*.39}{\376\377\117\134\200\005\173\200\123\206\123\312\145\073\213\373\133\146\117\115\147\037\225\364\123\321\210\150\166\204\133\146\147\057\213\272\145\207\116\016\170\024\172\166\142\020\147\234}{}% 132
